

================================================================
== Vivado HLS Report for 'icp'
================================================================
* Date:           Fri Mar 20 03:40:44 2020

* Version:        2019.1 (Build 2552052 on Fri May 24 15:28:33 MDT 2019)
* Project:        dense_slam_icp
* Solution:       solution1
* Product family: zynq
* Target device:  xc7z020-clg400-1


================================================================
== Performance Estimates
================================================================
+ Timing (ns): 
    * Summary: 
    +--------+-------+----------+------------+
    |  Clock | Target| Estimated| Uncertainty|
    +--------+-------+----------+------------+
    |ap_clk  |  10.00|    10.257|        1.25|
    +--------+-------+----------+------------+

+ Latency (clock cycles): 
    * Summary: 
    +-----+-----+-----+-----+---------+
    |  Latency  |  Interval | Pipeline|
    | min | max | min | max |   Type  |
    +-----+-----+-----+-----+---------+
    |    ?|    ?|    ?|    ?|   none  |
    +-----+-----+-----+-----+---------+

    + Detail: 
        * Instance: 
        +-----------------------------------+-----------------------+-----+-----+-----+-----+---------+
        |                                   |                       |  Latency  |  Interval | Pipeline|
        |              Instance             |         Module        | min | max | min | max |   Type  |
        +-----------------------------------+-----------------------+-----+-----+-----+-----+---------+
        |grp_interpolateBilinear_s_fu_2184  |interpolateBilinear_s  |   43|   43|   43|   43|   none  |
        +-----------------------------------+-----------------------+-----+-----+-----+-----+---------+

        * Loop: 
        +---------------------+-----+-----+----------+-----------+-----------+-------+----------+
        |                     |  Latency  | Iteration|  Initiation Interval  |  Trip |          |
        |      Loop Name      | min | max |  Latency |  achieved |   target  | Count | Pipelined|
        +---------------------+-----+-----+----------+-----------+-----------+-------+----------+
        |- Loop 1             |    2|    2|         1|          -|          -|      2|    no    |
        |- Loop 2             |    2|    2|         1|          -|          -|      2|    no    |
        |- Loop 3             |    ?|    ?|         ?|          -|          -|      ?|    no    |
        | + Loop 3.1          |    ?|    ?|  4 ~ 477 |          -|          -|      ?|    no    |
        |  ++ Loop 3.1.1      |   24|  228|  8 ~ 38  |          -|          -| 3 ~ 6 |    no    |
        |   +++ Loop 3.1.1.1  |    5|   35|         5|          -|          -| 1 ~ 7 |    no    |
        |- Loop 4             |   10|   10|         5|          -|          -|      2|    no    |
        |- Loop 5             |   10|   10|         5|          -|          -|      2|    no    |
        |- Loop 6             |   10|   10|         5|          -|          -|      2|    no    |
        +---------------------+-----+-----+----------+-----------+-----------+-------+----------+



================================================================
== Utilization Estimates
================================================================
* Summary: 
+-----------------+---------+-------+--------+-------+-----+
|       Name      | BRAM_18K| DSP48E|   FF   |  LUT  | URAM|
+-----------------+---------+-------+--------+-------+-----+
|DSP              |        -|      -|       -|      -|    -|
|Expression       |        -|      -|       0|   4211|    -|
|FIFO             |        -|      -|       -|      -|    -|
|Instance         |        2|     86|   10883|  20347|    -|
|Memory           |        2|      -|      64|     11|    0|
|Multiplexer      |        -|      -|       -|   3899|    -|
|Register         |        -|      -|    7699|      -|    -|
+-----------------+---------+-------+--------+-------+-----+
|Total            |        4|     86|   18646|  28468|    0|
+-----------------+---------+-------+--------+-------+-----+
|Available        |      280|    220|  106400|  53200|    0|
+-----------------+---------+-------+--------+-------+-----+
|Utilization (%)  |        1|     39|      17|     53|    0|
+-----------------+---------+-------+--------+-------+-----+

+ Detail: 
    * Instance: 
    +-----------------------------------+-----------------------+---------+-------+------+------+-----+
    |              Instance             |         Module        | BRAM_18K| DSP48E|  FF  |  LUT | URAM|
    +-----------------------------------+-----------------------+---------+-------+------+------+-----+
    |icp_fadd_32ns_32ndEe_U36           |icp_fadd_32ns_32ndEe   |        0|      2|   205|   390|    0|
    |icp_fadd_32ns_32ndEe_U37           |icp_fadd_32ns_32ndEe   |        0|      2|   205|   390|    0|
    |icp_fadd_32ns_32ndEe_U38           |icp_fadd_32ns_32ndEe   |        0|      2|   205|   390|    0|
    |icp_fadd_32ns_32ndEe_U39           |icp_fadd_32ns_32ndEe   |        0|      2|   205|   390|    0|
    |icp_fadd_32ns_32ndEe_U40           |icp_fadd_32ns_32ndEe   |        0|      2|   205|   390|    0|
    |icp_fadd_32ns_32ndEe_U41           |icp_fadd_32ns_32ndEe   |        0|      2|   205|   390|    0|
    |icp_fadd_32ns_32ndEe_U42           |icp_fadd_32ns_32ndEe   |        0|      2|   205|   390|    0|
    |icp_fadd_32ns_32ndEe_U43           |icp_fadd_32ns_32ndEe   |        0|      2|   205|   390|    0|
    |icp_fadd_32ns_32ndEe_U44           |icp_fadd_32ns_32ndEe   |        0|      2|   205|   390|    0|
    |icp_fadd_32ns_32ndEe_U45           |icp_fadd_32ns_32ndEe   |        0|      2|   205|   390|    0|
    |icp_fadd_32ns_32ndEe_U46           |icp_fadd_32ns_32ndEe   |        0|      2|   205|   390|    0|
    |icp_fadd_32ns_32ndEe_U47           |icp_fadd_32ns_32ndEe   |        0|      2|   205|   390|    0|
    |icp_fadd_32ns_32ndEe_U48           |icp_fadd_32ns_32ndEe   |        0|      2|   205|   390|    0|
    |icp_faddfsub_32nscud_U33           |icp_faddfsub_32nscud   |        0|      2|   205|   390|    0|
    |icp_faddfsub_32nscud_U34           |icp_faddfsub_32nscud   |        0|      2|   205|   390|    0|
    |icp_faddfsub_32nscud_U35           |icp_faddfsub_32nscud   |        0|      2|   205|   390|    0|
    |icp_fcmp_32ns_32nhbi_U58           |icp_fcmp_32ns_32nhbi   |        0|      0|    66|   239|    0|
    |icp_fcmp_32ns_32nhbi_U59           |icp_fcmp_32ns_32nhbi   |        0|      0|    66|   239|    0|
    |icp_fdiv_32ns_32nibs_U55           |icp_fdiv_32ns_32nibs   |        0|      0|   761|   994|    0|
    |icp_fmul_32ns_32neOg_U49           |icp_fmul_32ns_32neOg   |        0|      3|   143|   321|    0|
    |icp_fmul_32ns_32neOg_U50           |icp_fmul_32ns_32neOg   |        0|      3|   143|   321|    0|
    |icp_fmul_32ns_32neOg_U51           |icp_fmul_32ns_32neOg   |        0|      3|   143|   321|    0|
    |icp_fmul_32ns_32neOg_U52           |icp_fmul_32ns_32neOg   |        0|      3|   143|   321|    0|
    |icp_fmul_32ns_32neOg_U53           |icp_fmul_32ns_32neOg   |        0|      3|   143|   321|    0|
    |icp_fmul_32ns_32neOg_U54           |icp_fmul_32ns_32neOg   |        0|      3|   143|   321|    0|
    |icp_sitofp_32ns_3jbC_U56           |icp_sitofp_32ns_3jbC   |        0|      0|   340|   554|    0|
    |icp_sitofp_32ns_3jbC_U57           |icp_sitofp_32ns_3jbC   |        0|      0|   340|   554|    0|
    |grp_interpolateBilinear_s_fu_2184  |interpolateBilinear_s  |        2|     36|  5172|  9601|    0|
    +-----------------------------------+-----------------------+---------+-------+------+------+-----+
    |Total                              |                       |        2|     86| 10883| 20347|    0|
    +-----------------------------------+-----------------------+---------+-------+------+------+-----+

    * DSP48E: 
    N/A

    * Memory: 
    +----------------+------------------+---------+----+----+-----+------+-----+------+-------------+
    |     Memory     |      Module      | BRAM_18K| FF | LUT| URAM| Words| Bits| Banks| W*Bits*Banks|
    +----------------+------------------+---------+----+----+-----+------+-----+------+-------------+
    |A_U             |icp_A             |        2|   0|   0|    0|     6|   32|     1|          192|
    |localHessian_U  |icp_localHessian  |        0|  64|  11|    0|    21|   32|     1|          672|
    +----------------+------------------+---------+----+----+-----+------+-----+------+-------------+
    |Total           |                  |        2|  64|  11|    0|    27|   64|     2|          864|
    +----------------+------------------+---------+----+----+-----+------+-----+------+-------------+

    * FIFO: 
    N/A

    * Expression: 
    +-----------------------------------+----------+-------+---+----+------------+------------+
    |           Variable Name           | Operation| DSP48E| FF| LUT| Bitwidth P0| Bitwidth P1|
    +-----------------------------------+----------+-------+---+----+------------+------------+
    |add_ln239_fu_3962_p2               |     +    |      0|  0|  39|          32|          32|
    |add_ln265_fu_3998_p2               |     +    |      0|  0|  39|          32|          32|
    |add_ln292_1_fu_3616_p2             |     +    |      0|  0|  39|           3|          32|
    |add_ln292_fu_3611_p2               |     +    |      0|  0|  39|           3|          32|
    |add_ln358_1_fu_4498_p2             |     +    |      0|  0|  13|           4|           1|
    |add_ln358_2_fu_4504_p2             |     +    |      0|  0|  15|           7|           7|
    |add_ln358_fu_4492_p2               |     +    |      0|  0|  12|           3|           1|
    |add_ln364_fu_4514_p2               |     +    |      0|  0|  39|          32|           1|
    |c_fu_4481_p2                       |     +    |      0|  0|  38|          31|           1|
    |counter_fu_4448_p2                 |     +    |      0|  0|  15|           6|           6|
    |i_1_fu_3055_p2                     |     +    |      0|  0|  10|           2|           1|
    |i_2_fu_5057_p2                     |     +    |      0|  0|  10|           2|           1|
    |i_3_fu_5136_p2                     |     +    |      0|  0|  10|           2|           1|
    |i_4_fu_5296_p2                     |     +    |      0|  0|  10|           2|           1|
    |i_fu_2927_p2                       |     +    |      0|  0|  10|           2|           1|
    |noValidPoints_local_fu_4947_p2     |     +    |      0|  0|  39|          32|           1|
    |r_fu_4438_p2                       |     +    |      0|  0|  12|           3|           1|
    |x_fu_3992_p2                       |     +    |      0|  0|  38|          31|           1|
    |y_fu_3977_p2                       |     +    |      0|  0|  38|          31|           1|
    |and_ln268_fu_4044_p2               |    and   |      0|  0|   2|           1|           1|
    |and_ln287_fu_4086_p2               |    and   |      0|  0|   2|           1|           1|
    |and_ln292_1_fu_4168_p2             |    and   |      0|  0|   2|           1|           1|
    |and_ln292_2_fu_4213_p2             |    and   |      0|  0|   2|           1|           1|
    |and_ln292_3_fu_4219_p2             |    and   |      0|  0|   2|           1|           1|
    |and_ln292_4_fu_4225_p2             |    and   |      0|  0|   2|           1|           1|
    |and_ln292_5_fu_4231_p2             |    and   |      0|  0|   2|           1|           1|
    |and_ln292_fu_4128_p2               |    and   |      0|  0|   2|           1|           1|
    |and_ln300_fu_4271_p2               |    and   |      0|  0|   2|           1|           1|
    |and_ln308_1_fu_4336_p2             |    and   |      0|  0|   2|           1|           1|
    |and_ln308_fu_4330_p2               |    and   |      0|  0|   2|           1|           1|
    |and_ln313_fu_4376_p2               |    and   |      0|  0|   2|           1|           1|
    |icmp_ln144_fu_2915_p2              |   icmp   |      0|  0|  11|           8|           1|
    |icmp_ln179_fu_2921_p2              |   icmp   |      0|  0|   9|           2|           3|
    |icmp_ln223_fu_3049_p2              |   icmp   |      0|  0|   9|           2|           3|
    |icmp_ln239_fu_3972_p2              |   icmp   |      0|  0|  18|          32|          32|
    |icmp_ln240_fu_3987_p2              |   icmp   |      0|  0|  18|          32|          32|
    |icmp_ln268_1_fu_4032_p2            |   icmp   |      0|  0|  18|          23|           1|
    |icmp_ln268_fu_4026_p2              |   icmp   |      0|  0|  11|           8|           2|
    |icmp_ln287_1_fu_4074_p2            |   icmp   |      0|  0|  18|          23|           1|
    |icmp_ln287_fu_4068_p2              |   icmp   |      0|  0|  11|           8|           2|
    |icmp_ln292_1_fu_4116_p2            |   icmp   |      0|  0|  18|          23|           1|
    |icmp_ln292_2_fu_3720_p2            |   icmp   |      0|  0|  18|          23|           1|
    |icmp_ln292_3_fu_3733_p2            |   icmp   |      0|  0|  18|          23|           1|
    |icmp_ln292_4_fu_4143_p2            |   icmp   |      0|  0|  11|           8|           2|
    |icmp_ln292_5_fu_4191_p2            |   icmp   |      0|  0|  11|           8|           2|
    |icmp_ln292_6_fu_4197_p2            |   icmp   |      0|  0|  18|          23|           1|
    |icmp_ln292_7_fu_4158_p2            |   icmp   |      0|  0|  11|           8|           2|
    |icmp_ln292_fu_4110_p2              |   icmp   |      0|  0|  11|           8|           2|
    |icmp_ln300_1_fu_4261_p2            |   icmp   |      0|  0|  18|          23|           1|
    |icmp_ln300_fu_4255_p2              |   icmp   |      0|  0|  11|           8|           2|
    |icmp_ln308_1_fu_4316_p2            |   icmp   |      0|  0|  18|          23|           1|
    |icmp_ln308_2_fu_4286_p2            |   icmp   |      0|  0|  11|           8|           2|
    |icmp_ln308_3_fu_3746_p2            |   icmp   |      0|  0|  18|          23|           1|
    |icmp_ln308_fu_4310_p2              |   icmp   |      0|  0|  11|           8|           2|
    |icmp_ln313_1_fu_4366_p2            |   icmp   |      0|  0|  18|          23|           1|
    |icmp_ln313_fu_4360_p2              |   icmp   |      0|  0|  11|           8|           2|
    |icmp_ln322_fu_3621_p2              |   icmp   |      0|  0|  11|           8|           1|
    |icmp_ln324_fu_3626_p2              |   icmp   |      0|  0|  11|           8|           1|
    |icmp_ln358_fu_4433_p2              |   icmp   |      0|  0|   9|           4|           4|
    |icmp_ln364_fu_4475_p2              |   icmp   |      0|  0|  18|          32|          32|
    |icmp_ln668_fu_5051_p2              |   icmp   |      0|  0|   9|           2|           3|
    |icmp_ln696_fu_5130_p2              |   icmp   |      0|  0|   9|           2|           3|
    |icmp_ln736_fu_5290_p2              |   icmp   |      0|  0|   9|           2|           3|
    |or_ln268_fu_4038_p2                |    or    |      0|  0|   2|           1|           1|
    |or_ln287_fu_4080_p2                |    or    |      0|  0|   2|           1|           1|
    |or_ln292_1_fu_4164_p2              |    or    |      0|  0|   2|           1|           1|
    |or_ln292_2_fu_4203_p2              |    or    |      0|  0|   2|           1|           1|
    |or_ln292_3_fu_4209_p2              |    or    |      0|  0|   2|           1|           1|
    |or_ln292_fu_4122_p2                |    or    |      0|  0|   2|           1|           1|
    |or_ln300_fu_4267_p2                |    or    |      0|  0|   2|           1|           1|
    |or_ln308_1_fu_4326_p2              |    or    |      0|  0|   2|           1|           1|
    |or_ln308_fu_4322_p2                |    or    |      0|  0|   2|           1|           1|
    |or_ln313_fu_4372_p2                |    or    |      0|  0|   2|           1|           1|
    |grp_fu_2257_p1                     |  select  |      0|  0|  32|           1|          32|
    |grp_fu_2262_p1                     |  select  |      0|  0|  32|           1|          32|
    |grp_fu_2267_p1                     |  select  |      0|  0|  32|           1|          32|
    |grp_fu_2272_p1                     |  select  |      0|  0|  32|           1|          32|
    |grp_fu_2277_p1                     |  select  |      0|  0|  32|           1|          32|
    |grp_fu_2282_p1                     |  select  |      0|  0|  32|           1|          32|
    |grp_fu_2287_p1                     |  select  |      0|  0|  32|           1|          32|
    |grp_fu_2292_p1                     |  select  |      0|  0|  32|           1|          32|
    |hessian_buffer_cur1_16_fu_4747_p3  |  select  |      0|  0|  32|           1|          32|
    |hessian_buffer_cur1_17_fu_4754_p3  |  select  |      0|  0|  32|           1|          32|
    |hessian_buffer_cur1_18_fu_4797_p3  |  select  |      0|  0|  32|           1|          32|
    |hessian_buffer_cur1_19_fu_4804_p3  |  select  |      0|  0|  32|           1|          32|
    |hessian_buffer_cur1_20_fu_4847_p3  |  select  |      0|  0|  32|           1|          32|
    |hessian_buffer_cur1_21_fu_4854_p3  |  select  |      0|  0|  32|           1|          32|
    |hessian_buffer_cur1_22_fu_4897_p3  |  select  |      0|  0|  32|           1|          32|
    |hessian_buffer_cur1_23_fu_4904_p3  |  select  |      0|  0|  32|           1|          32|
    |hessian_buffer_cur1_24_fu_4953_p3  |  select  |      0|  0|  32|           1|          32|
    |hessian_buffer_cur1_25_fu_4960_p3  |  select  |      0|  0|  32|           1|          32|
    |nabla_buffer_cur_s3_2_fu_4625_p3   |  select  |      0|  0|  32|           1|          32|
    |nabla_buffer_cur_s4_2_fu_4632_p3   |  select  |      0|  0|  32|           1|          32|
    |nabla_buffer_cur_s5_2_fu_4639_p3   |  select  |      0|  0|  32|           1|          32|
    |select_ln181_10_fu_3017_p3         |  select  |      0|  0|  32|           1|           1|
    |select_ln181_11_fu_3025_p3         |  select  |      0|  0|  32|           1|          32|
    |select_ln181_12_fu_3033_p3         |  select  |      0|  0|  32|           1|           1|
    |select_ln181_13_fu_3041_p3         |  select  |      0|  0|  32|           1|          32|
    |select_ln181_1_fu_2945_p3          |  select  |      0|  0|  32|           1|          32|
    |select_ln181_2_fu_2953_p3          |  select  |      0|  0|  32|           1|           1|
    |select_ln181_3_fu_2961_p3          |  select  |      0|  0|  32|           1|          32|
    |select_ln181_4_fu_2969_p3          |  select  |      0|  0|  32|           1|           1|
    |select_ln181_5_fu_2977_p3          |  select  |      0|  0|  32|           1|          32|
    |select_ln181_6_fu_2985_p3          |  select  |      0|  0|  32|           1|           1|
    |select_ln181_7_fu_2993_p3          |  select  |      0|  0|  32|           1|          32|
    |select_ln181_8_fu_3001_p3          |  select  |      0|  0|  32|           1|           1|
    |select_ln181_9_fu_3009_p3          |  select  |      0|  0|  32|           1|          32|
    |select_ln181_fu_2937_p3            |  select  |      0|  0|  32|           1|           1|
    |select_ln225_10_fu_3145_p3         |  select  |      0|  0|  32|           1|           1|
    |select_ln225_11_fu_3153_p3         |  select  |      0|  0|  32|           1|          32|
    |select_ln225_12_fu_3161_p3         |  select  |      0|  0|  32|           1|           1|
    |select_ln225_13_fu_3169_p3         |  select  |      0|  0|  32|           1|          32|
    |select_ln225_14_fu_3177_p3         |  select  |      0|  0|  32|           1|           1|
    |select_ln225_15_fu_3185_p3         |  select  |      0|  0|  32|           1|          32|
    |select_ln225_16_fu_3193_p3         |  select  |      0|  0|  32|           1|           1|
    |select_ln225_17_fu_3201_p3         |  select  |      0|  0|  32|           1|          32|
    |select_ln225_18_fu_3209_p3         |  select  |      0|  0|  32|           1|           1|
    |select_ln225_19_fu_3217_p3         |  select  |      0|  0|  32|           1|          32|
    |select_ln225_1_fu_3073_p3          |  select  |      0|  0|  32|           1|          32|
    |select_ln225_20_fu_3225_p3         |  select  |      0|  0|  32|           1|           1|
    |select_ln225_21_fu_3233_p3         |  select  |      0|  0|  32|           1|          32|
    |select_ln225_22_fu_3241_p3         |  select  |      0|  0|  32|           1|           1|
    |select_ln225_23_fu_3249_p3         |  select  |      0|  0|  32|           1|          32|
    |select_ln225_24_fu_3257_p3         |  select  |      0|  0|  32|           1|           1|
    |select_ln225_25_fu_3265_p3         |  select  |      0|  0|  32|           1|          32|
    |select_ln225_26_fu_3273_p3         |  select  |      0|  0|  32|           1|           1|
    |select_ln225_27_fu_3281_p3         |  select  |      0|  0|  32|           1|          32|
    |select_ln225_28_fu_3289_p3         |  select  |      0|  0|  32|           1|           1|
    |select_ln225_29_fu_3297_p3         |  select  |      0|  0|  32|           1|          32|
    |select_ln225_2_fu_3081_p3          |  select  |      0|  0|  32|           1|           1|
    |select_ln225_30_fu_3305_p3         |  select  |      0|  0|  32|           1|           1|
    |select_ln225_31_fu_3313_p3         |  select  |      0|  0|  32|           1|          32|
    |select_ln225_3_fu_3089_p3          |  select  |      0|  0|  32|           1|          32|
    |select_ln225_4_fu_3097_p3          |  select  |      0|  0|  32|           1|           1|
    |select_ln225_5_fu_3105_p3          |  select  |      0|  0|  32|           1|          32|
    |select_ln225_6_fu_3113_p3          |  select  |      0|  0|  32|           1|           1|
    |select_ln225_7_fu_3121_p3          |  select  |      0|  0|  32|           1|          32|
    |select_ln225_8_fu_3129_p3          |  select  |      0|  0|  32|           1|           1|
    |select_ln225_9_fu_3137_p3          |  select  |      0|  0|  32|           1|          32|
    |select_ln225_fu_3065_p3            |  select  |      0|  0|  32|           1|           1|
    |select_ln226_1_fu_3329_p3          |  select  |      0|  0|  32|           1|          32|
    |select_ln226_2_fu_3337_p3          |  select  |      0|  0|  32|           1|           1|
    |select_ln226_3_fu_3345_p3          |  select  |      0|  0|  32|           1|          32|
    |select_ln226_4_fu_3353_p3          |  select  |      0|  0|  32|           1|           1|
    |select_ln226_5_fu_3361_p3          |  select  |      0|  0|  32|           1|          32|
    |select_ln226_6_fu_3369_p3          |  select  |      0|  0|  32|           1|           1|
    |select_ln226_7_fu_3377_p3          |  select  |      0|  0|  32|           1|          32|
    |select_ln226_8_fu_3385_p3          |  select  |      0|  0|  32|           1|           1|
    |select_ln226_9_fu_3393_p3          |  select  |      0|  0|  32|           1|          32|
    |select_ln226_fu_3321_p3            |  select  |      0|  0|  32|           1|           1|
    |select_ln239_fu_3706_p3            |  select  |      0|  0|   5|           1|           3|
    |select_ln322_1_fu_4536_p3          |  select  |      0|  0|  32|           1|          32|
    |select_ln322_2_fu_4543_p3          |  select  |      0|  0|  32|           1|          32|
    |select_ln322_fu_4529_p3            |  select  |      0|  0|  32|           1|          32|
    |select_ln670_fu_5067_p3            |  select  |      0|  0|  32|           1|          32|
    |select_ln671_fu_5076_p3            |  select  |      0|  0|  32|           1|          32|
    |select_ln672_fu_5085_p3            |  select  |      0|  0|  32|           1|          32|
    |select_ln673_fu_5094_p3            |  select  |      0|  0|  32|           1|          32|
    |select_ln674_fu_5103_p3            |  select  |      0|  0|  32|           1|          32|
    |select_ln675_fu_5112_p3            |  select  |      0|  0|  32|           1|          32|
    |select_ln676_fu_5121_p3            |  select  |      0|  0|  32|           1|          32|
    |select_ln698_fu_5146_p3            |  select  |      0|  0|  32|           1|          32|
    |select_ln699_fu_5155_p3            |  select  |      0|  0|  32|           1|          32|
    |select_ln700_fu_5164_p3            |  select  |      0|  0|  32|           1|          32|
    |select_ln701_fu_5173_p3            |  select  |      0|  0|  32|           1|          32|
    |select_ln702_fu_5182_p3            |  select  |      0|  0|  32|           1|          32|
    |select_ln703_fu_5191_p3            |  select  |      0|  0|  32|           1|          32|
    |select_ln704_fu_5200_p3            |  select  |      0|  0|  32|           1|          32|
    |select_ln705_fu_5209_p3            |  select  |      0|  0|  32|           1|          32|
    |select_ln738_fu_5306_p3            |  select  |      0|  0|  32|           1|          32|
    |select_ln739_fu_5315_p3            |  select  |      0|  0|  32|           1|          32|
    |select_ln740_fu_5324_p3            |  select  |      0|  0|  32|           1|          32|
    |select_ln741_fu_5333_p3            |  select  |      0|  0|  32|           1|          32|
    |select_ln742_fu_5342_p3            |  select  |      0|  0|  32|           1|          32|
    |xor_ln327_fu_4385_p2               |    xor   |      0|  0|  33|          32|          33|
    |xor_ln340_fu_4399_p2               |    xor   |      0|  0|  33|          32|          33|
    +-----------------------------------+----------+-------+---+----+------------+------------+
    |Total                              |          |      0|  0|4211|         891|        2725|
    +-----------------------------------+----------+-------+---+----+------------+------------+

    * Multiplexer: 
    +-----------------------------------------------+-----+-----------+-----+-----------+
    |                      Name                     | LUT | Input Size| Bits| Total Bits|
    +-----------------------------------------------+-----+-----------+-----+-----------+
    |A_address0                                     |   33|          6|    3|         18|
    |A_address1                                     |   33|          6|    3|         18|
    |A_d0                                           |   33|          6|   32|        192|
    |A_d1                                           |   27|          5|   32|        160|
    |A_load_12_reg_1644                             |    9|          2|   32|         64|
    |A_load_1_reg_1675                              |    9|          2|   32|         64|
    |ap_NS_fsm                                      |  985|        230|    1|        230|
    |c_0_reg_1776                                   |    9|          2|   31|         62|
    |counter_0_reg_1755                             |    9|          2|    6|         12|
    |counter_1_reg_1766                             |    9|          2|   32|         64|
    |empty_14_reg_1665                              |    9|          2|   32|         64|
    |empty_15_reg_1686                              |    9|          2|   32|         64|
    |empty_16_reg_1697                              |    9|          2|   32|         64|
    |grp_fu_2205_opcode                             |   15|          3|    2|          6|
    |grp_fu_2205_p0                                 |  137|         30|   32|        960|
    |grp_fu_2205_p1                                 |  101|         21|   32|        672|
    |grp_fu_2209_opcode                             |   15|          3|    2|          6|
    |grp_fu_2209_p0                                 |   85|         17|   32|        544|
    |grp_fu_2209_p1                                 |   56|         13|   32|        416|
    |grp_fu_2218_opcode                             |   15|          3|    2|          6|
    |grp_fu_2218_p0                                 |   33|          6|   32|        192|
    |grp_fu_2218_p1                                 |   33|          6|   32|        192|
    |grp_fu_2222_p0                                 |   27|          5|   32|        160|
    |grp_fu_2222_p1                                 |   27|          5|   32|        160|
    |grp_fu_2226_p0                                 |   27|          5|   32|        160|
    |grp_fu_2226_p1                                 |   27|          5|   32|        160|
    |grp_fu_2230_p0                                 |   21|          4|   32|        128|
    |grp_fu_2230_p1                                 |   21|          4|   32|        128|
    |grp_fu_2234_p0                                 |   21|          4|   32|        128|
    |grp_fu_2234_p1                                 |   21|          4|   32|        128|
    |grp_fu_2238_p0                                 |   15|          3|   32|         96|
    |grp_fu_2238_p1                                 |   15|          3|   32|         96|
    |grp_fu_2302_p0                                 |   93|         19|   32|        608|
    |grp_fu_2302_p1                                 |   65|         16|   32|        512|
    |grp_fu_2306_p0                                 |   41|          8|   32|        256|
    |grp_fu_2306_p1                                 |   38|          7|   32|        224|
    |grp_fu_2312_p0                                 |   21|          4|   32|        128|
    |grp_fu_2312_p1                                 |   27|          5|   32|        160|
    |grp_fu_2317_p0                                 |   21|          4|   32|        128|
    |grp_fu_2317_p1                                 |   21|          4|   32|        128|
    |grp_fu_2344_p0                                 |   15|          3|   32|         96|
    |grp_fu_2348_p0                                 |   21|          4|   32|        128|
    |grp_fu_2354_opcode                             |   21|          4|    5|         20|
    |grp_fu_2354_p0                                 |   33|          6|   32|        192|
    |grp_fu_2354_p1                                 |   27|          5|   32|        160|
    |grp_interpolateBilinear_s_fu_2184_source_w_q0  |   15|          3|   32|         96|
    |grp_interpolateBilinear_s_fu_2184_source_w_q1  |   15|          3|   32|         96|
    |grp_interpolateBilinear_s_fu_2184_source_x_q0  |   15|          3|   32|         96|
    |grp_interpolateBilinear_s_fu_2184_source_x_q1  |   15|          3|   32|         96|
    |grp_interpolateBilinear_s_fu_2184_source_y_q0  |   15|          3|   32|         96|
    |grp_interpolateBilinear_s_fu_2184_source_y_q1  |   15|          3|   32|         96|
    |grp_interpolateBilinear_s_fu_2184_source_z_q0  |   15|          3|   32|         96|
    |grp_interpolateBilinear_s_fu_2184_source_z_q1  |   15|          3|   32|         96|
    |hessian_buffer1_0_0_reg_2084                   |    9|          2|   32|         64|
    |hessian_buffer1_10_0_reg_1954                  |    9|          2|   32|         64|
    |hessian_buffer1_11_0_reg_1941                  |    9|          2|   32|         64|
    |hessian_buffer1_12_0_reg_1928                  |    9|          2|   32|         64|
    |hessian_buffer1_13_0_reg_1915                  |    9|          2|   32|         64|
    |hessian_buffer1_14_0_reg_1902                  |    9|          2|   32|         64|
    |hessian_buffer1_15_0_reg_1889                  |    9|          2|   32|         64|
    |hessian_buffer1_1_0_reg_2071                   |    9|          2|   32|         64|
    |hessian_buffer1_2_0_reg_2058                   |    9|          2|   32|         64|
    |hessian_buffer1_3_0_reg_2045                   |    9|          2|   32|         64|
    |hessian_buffer1_4_0_reg_2032                   |    9|          2|   32|         64|
    |hessian_buffer1_5_0_reg_2019                   |    9|          2|   32|         64|
    |hessian_buffer1_6_0_reg_2006                   |    9|          2|   32|         64|
    |hessian_buffer1_7_0_reg_1993                   |    9|          2|   32|         64|
    |hessian_buffer1_8_0_reg_1980                   |    9|          2|   32|         64|
    |hessian_buffer1_9_0_reg_1967                   |    9|          2|   32|         64|
    |hessian_buffer2_0_0_reg_2160                   |    9|          2|   32|         64|
    |hessian_buffer2_1_0_reg_2147                   |    9|          2|   32|         64|
    |hessian_buffer2_2_0_reg_2134                   |    9|          2|   32|         64|
    |hessian_buffer2_3_0_reg_2121                   |    9|          2|   32|         64|
    |hessian_buffer2_4_0_reg_2108                   |    9|          2|   32|         64|
    |hessian_shiftreg1_1_10_fu_592                  |    9|          2|   32|         64|
    |hessian_shiftreg1_1_11_fu_596                  |    9|          2|   32|         64|
    |hessian_shiftreg1_1_12_fu_600                  |    9|          2|   32|         64|
    |hessian_shiftreg1_1_13_fu_604                  |    9|          2|   32|         64|
    |hessian_shiftreg1_1_14_fu_608                  |    9|          2|   32|         64|
    |hessian_shiftreg1_1_15_fu_612                  |    9|          2|   32|         64|
    |hessian_shiftreg1_1_16_fu_616                  |    9|          2|   32|         64|
    |hessian_shiftreg1_1_17_fu_620                  |    9|          2|   32|         64|
    |hessian_shiftreg1_1_18_fu_624                  |    9|          2|   32|         64|
    |hessian_shiftreg1_1_19_fu_628                  |    9|          2|   32|         64|
    |hessian_shiftreg1_1_1_fu_556                   |    9|          2|   32|         64|
    |hessian_shiftreg1_1_20_fu_632                  |    9|          2|   32|         64|
    |hessian_shiftreg1_1_21_fu_636                  |    9|          2|   32|         64|
    |hessian_shiftreg1_1_22_fu_640                  |    9|          2|   32|         64|
    |hessian_shiftreg1_1_23_fu_644                  |    9|          2|   32|         64|
    |hessian_shiftreg1_1_24_fu_648                  |    9|          2|   32|         64|
    |hessian_shiftreg1_1_25_fu_652                  |    9|          2|   32|         64|
    |hessian_shiftreg1_1_26_fu_656                  |    9|          2|   32|         64|
    |hessian_shiftreg1_1_27_fu_660                  |    9|          2|   32|         64|
    |hessian_shiftreg1_1_28_fu_664                  |    9|          2|   32|         64|
    |hessian_shiftreg1_1_29_fu_668                  |    9|          2|   32|         64|
    |hessian_shiftreg1_1_2_fu_560                   |    9|          2|   32|         64|
    |hessian_shiftreg1_1_30_fu_672                  |    9|          2|   32|         64|
    |hessian_shiftreg1_1_31_fu_676                  |    9|          2|   32|         64|
    |hessian_shiftreg1_1_3_fu_564                   |    9|          2|   32|         64|
    |hessian_shiftreg1_1_4_fu_568                   |    9|          2|   32|         64|
    |hessian_shiftreg1_1_5_fu_572                   |    9|          2|   32|         64|
    |hessian_shiftreg1_1_6_fu_576                   |    9|          2|   32|         64|
    |hessian_shiftreg1_1_7_fu_580                   |    9|          2|   32|         64|
    |hessian_shiftreg1_1_8_fu_584                   |    9|          2|   32|         64|
    |hessian_shiftreg1_1_9_fu_588                   |    9|          2|   32|         64|
    |hessian_shiftreg1_1_fu_552                     |    9|          2|   32|         64|
    |hessian_shiftreg2_1_1_fu_684                   |    9|          2|   32|         64|
    |hessian_shiftreg2_1_2_fu_688                   |    9|          2|   32|         64|
    |hessian_shiftreg2_1_3_fu_692                   |    9|          2|   32|         64|
    |hessian_shiftreg2_1_4_fu_696                   |    9|          2|   32|         64|
    |hessian_shiftreg2_1_5_fu_700                   |    9|          2|   32|         64|
    |hessian_shiftreg2_1_6_fu_704                   |    9|          2|   32|         64|
    |hessian_shiftreg2_1_7_fu_708                   |    9|          2|   32|         64|
    |hessian_shiftreg2_1_8_fu_712                   |    9|          2|   32|         64|
    |hessian_shiftreg2_1_9_fu_716                   |    9|          2|   32|         64|
    |hessian_shiftreg2_1_fu_680                     |    9|          2|   32|         64|
    |i1_0_reg_1599                                  |    9|          2|    2|          4|
    |i5_0_reg_1878                                  |    9|          2|    2|          4|
    |i6_0_reg_2097                                  |    9|          2|    2|          4|
    |i7_0_reg_2173                                  |    9|          2|    2|          4|
    |i_0_reg_1588                                   |    9|          2|    2|          4|
    |indvars_iv_reg_1732                            |    9|          2|    3|          6|
    |localHessian_address0                          |   53|         12|    5|         60|
    |localHessian_address1                          |   53|         12|    5|         60|
    |nabla_buffer_0_0_reg_1865                      |    9|          2|   32|         64|
    |nabla_buffer_1_0_reg_1852                      |    9|          2|   32|         64|
    |nabla_buffer_2_0_reg_1839                      |    9|          2|   32|         64|
    |nabla_buffer_3_0_reg_1826                      |    9|          2|   32|         64|
    |nabla_buffer_4_0_reg_1813                      |    9|          2|   32|         64|
    |nabla_buffer_5_0_reg_1800                      |    9|          2|   32|         64|
    |nabla_buffer_6_0_reg_1787                      |    9|          2|   32|         64|
    |nabla_shiftreg_1_s0_1_fu_500                   |    9|          2|   32|         64|
    |nabla_shiftreg_1_s0_fu_496                     |    9|          2|   32|         64|
    |nabla_shiftreg_1_s1_1_fu_508                   |    9|          2|   32|         64|
    |nabla_shiftreg_1_s1_fu_504                     |    9|          2|   32|         64|
    |nabla_shiftreg_1_s2_1_fu_516                   |    9|          2|   32|         64|
    |nabla_shiftreg_1_s2_fu_512                     |    9|          2|   32|         64|
    |nabla_shiftreg_1_s3_1_fu_524                   |    9|          2|   32|         64|
    |nabla_shiftreg_1_s3_fu_520                     |    9|          2|   32|         64|
    |nabla_shiftreg_1_s4_1_fu_532                   |    9|          2|   32|         64|
    |nabla_shiftreg_1_s4_fu_528                     |    9|          2|   32|         64|
    |nabla_shiftreg_1_s5_1_fu_540                   |    9|          2|   32|         64|
    |nabla_shiftreg_1_s5_fu_536                     |    9|          2|   32|         64|
    |nabla_shiftreg_1_s6_1_fu_548                   |    9|          2|   32|         64|
    |nabla_shiftreg_1_s6_fu_544                     |    9|          2|   32|         64|
    |noValidPoints_local_1_fu_416                   |    9|          2|   32|         64|
    |normalsMap_w_ce0                               |    9|          2|    1|          2|
    |normalsMap_w_ce1                               |    9|          2|    1|          2|
    |normalsMap_x_ce0                               |    9|          2|    1|          2|
    |normalsMap_x_ce1                               |    9|          2|    1|          2|
    |normalsMap_y_ce0                               |    9|          2|    1|          2|
    |normalsMap_y_ce1                               |    9|          2|    1|          2|
    |normalsMap_z_ce0                               |    9|          2|    1|          2|
    |normalsMap_z_ce1                               |    9|          2|    1|          2|
    |phi_ln358_1_reg_1720                           |    9|          2|    4|          8|
    |phi_ln358_reg_1708                             |    9|          2|    7|         14|
    |phi_mul_reg_1621                               |    9|          2|   32|         64|
    |pointsMap_w_ce0                                |    9|          2|    1|          2|
    |pointsMap_w_ce1                                |    9|          2|    1|          2|
    |pointsMap_x_ce0                                |    9|          2|    1|          2|
    |pointsMap_x_ce1                                |    9|          2|    1|          2|
    |pointsMap_y_ce0                                |    9|          2|    1|          2|
    |pointsMap_y_ce1                                |    9|          2|    1|          2|
    |pointsMap_z_ce0                                |    9|          2|    1|          2|
    |pointsMap_z_ce1                                |    9|          2|    1|          2|
    |r_0_reg_1744                                   |    9|          2|    3|          6|
    |reg_2845                                       |    9|          2|   32|         64|
    |reg_2851                                       |    9|          2|   32|         64|
    |storemerge_reg_1654                            |    9|          2|   32|         64|
    |sumHessian_address0                            |   53|         12|    5|         60|
    |sumHessian_address1                            |   50|         11|    5|         55|
    |sumHessian_d0                                  |   53|         12|   32|        384|
    |sumHessian_d1                                  |   50|         11|   32|        352|
    |sumNabla_address0                              |   21|          4|    3|         12|
    |sumNabla_address1                              |   21|          4|    3|         12|
    |sumNabla_d0                                    |   21|          4|   32|        128|
    |sumNabla_d1                                    |   21|          4|   32|        128|
    |x_0_reg_1633                                   |    9|          2|   31|         62|
    |y_0_reg_1610                                   |    9|          2|   31|         62|
    +-----------------------------------------------+-----+-----------+-----+-----------+
    |Total                                          | 3899|        844| 4570|      16079|
    +-----------------------------------------------+-----+-----------+-----+-----------+

    * Register: 
    +------------------------------------------------+-----+----+-----+-----------+
    |                      Name                      |  FF | LUT| Bits| Const Bits|
    +------------------------------------------------+-----+----+-----+-----------+
    |A_load_12_reg_1644                              |   32|   0|   32|          0|
    |A_load_1_reg_1675                               |   32|   0|   32|          0|
    |A_load_reg_6841                                 |   32|   0|   32|          0|
    |add_ln239_reg_6513                              |   32|   0|   32|          0|
    |add_ln292_1_reg_6300                            |   32|   0|   32|          0|
    |add_ln292_reg_6295                              |   32|   0|   32|          0|
    |and_ln268_reg_6564                              |    1|   0|    1|          0|
    |and_ln287_reg_6657                              |    1|   0|    1|          0|
    |and_ln292_5_reg_6690                            |    1|   0|    1|          0|
    |and_ln292_reg_6671                              |    1|   0|    1|          0|
    |and_ln300_reg_6704                              |    1|   0|    1|          0|
    |and_ln308_1_reg_6735                            |    1|   0|    1|          0|
    |and_ln313_reg_6749                              |    1|   0|    1|          0|
    |ap_CS_fsm                                       |  229|   0|  229|          0|
    |bitcast_ln292_1_reg_6483                        |   32|   0|   32|          0|
    |bitcast_ln292_2_reg_6493                        |   32|   0|   32|          0|
    |bitcast_ln308_1_reg_6503                        |   32|   0|   32|          0|
    |c_0_reg_1776                                    |   31|   0|   31|          0|
    |c_reg_6849                                      |   31|   0|   31|          0|
    |corr3Dnormal_x_1_fu_472                         |   32|   0|   32|          0|
    |corr3Dnormal_y_1_fu_476                         |   32|   0|   32|          0|
    |corr3Dnormal_z_1_fu_480                         |   32|   0|   32|          0|
    |counter_0_reg_1755                              |    6|   0|    6|          0|
    |counter_1_reg_1766                              |   32|   0|   32|          0|
    |counter_reg_6811                                |    6|   0|    6|          0|
    |d_reg_6554                                      |   32|   0|   32|          0|
    |empty_10_fu_484                                 |   32|   0|   32|          0|
    |empty_11_fu_488                                 |   32|   0|   32|          0|
    |empty_12_fu_492                                 |   32|   0|   32|          0|
    |empty_14_reg_1665                               |   32|   0|   32|          0|
    |empty_15_reg_1686                               |   32|   0|   32|          0|
    |empty_16_reg_1697                               |   32|   0|   32|          0|
    |grp_interpolateBilinear_s_fu_2184_ap_start_reg  |    1|   0|    1|          0|
    |hessian_buffer1_0_0_reg_2084                    |   32|   0|   32|          0|
    |hessian_buffer1_10_0_reg_1954                   |   32|   0|   32|          0|
    |hessian_buffer1_11_0_reg_1941                   |   32|   0|   32|          0|
    |hessian_buffer1_12_0_reg_1928                   |   32|   0|   32|          0|
    |hessian_buffer1_13_0_reg_1915                   |   32|   0|   32|          0|
    |hessian_buffer1_14_0_reg_1902                   |   32|   0|   32|          0|
    |hessian_buffer1_15_0_reg_1889                   |   32|   0|   32|          0|
    |hessian_buffer1_1_0_reg_2071                    |   32|   0|   32|          0|
    |hessian_buffer1_2_0_reg_2058                    |   32|   0|   32|          0|
    |hessian_buffer1_3_0_reg_2045                    |   32|   0|   32|          0|
    |hessian_buffer1_4_0_reg_2032                    |   32|   0|   32|          0|
    |hessian_buffer1_5_0_reg_2019                    |   32|   0|   32|          0|
    |hessian_buffer1_6_0_reg_2006                    |   32|   0|   32|          0|
    |hessian_buffer1_7_0_reg_1993                    |   32|   0|   32|          0|
    |hessian_buffer1_8_0_reg_1980                    |   32|   0|   32|          0|
    |hessian_buffer1_9_0_reg_1967                    |   32|   0|   32|          0|
    |hessian_buffer2_0_0_reg_2160                    |   32|   0|   32|          0|
    |hessian_buffer2_1_0_reg_2147                    |   32|   0|   32|          0|
    |hessian_buffer2_2_0_reg_2134                    |   32|   0|   32|          0|
    |hessian_buffer2_3_0_reg_2121                    |   32|   0|   32|          0|
    |hessian_buffer2_4_0_reg_2108                    |   32|   0|   32|          0|
    |hessian_buffer_cur2_4_reg_7064                  |   32|   0|   32|          0|
    |hessian_shiftreg1_0_1_fu_424                    |   32|   0|   32|          0|
    |hessian_shiftreg1_0_2_fu_428                    |   32|   0|   32|          0|
    |hessian_shiftreg1_0_3_fu_432                    |   32|   0|   32|          0|
    |hessian_shiftreg1_0_4_fu_436                    |   32|   0|   32|          0|
    |hessian_shiftreg1_0_5_fu_440                    |   32|   0|   32|          0|
    |hessian_shiftreg1_0_6_fu_444                    |   32|   0|   32|          0|
    |hessian_shiftreg1_0_7_fu_448                    |   32|   0|   32|          0|
    |hessian_shiftreg1_0_8_fu_452                    |   32|   0|   32|          0|
    |hessian_shiftreg1_0_9_fu_456                    |   32|   0|   32|          0|
    |hessian_shiftreg1_0_fu_420                      |   32|   0|   32|          0|
    |hessian_shiftreg1_1_10_fu_592                   |   32|   0|   32|          0|
    |hessian_shiftreg1_1_11_fu_596                   |   32|   0|   32|          0|
    |hessian_shiftreg1_1_12_fu_600                   |   32|   0|   32|          0|
    |hessian_shiftreg1_1_13_fu_604                   |   32|   0|   32|          0|
    |hessian_shiftreg1_1_14_fu_608                   |   32|   0|   32|          0|
    |hessian_shiftreg1_1_15_fu_612                   |   32|   0|   32|          0|
    |hessian_shiftreg1_1_16_fu_616                   |   32|   0|   32|          0|
    |hessian_shiftreg1_1_17_fu_620                   |   32|   0|   32|          0|
    |hessian_shiftreg1_1_18_fu_624                   |   32|   0|   32|          0|
    |hessian_shiftreg1_1_19_fu_628                   |   32|   0|   32|          0|
    |hessian_shiftreg1_1_1_fu_556                    |   32|   0|   32|          0|
    |hessian_shiftreg1_1_20_fu_632                   |   32|   0|   32|          0|
    |hessian_shiftreg1_1_21_fu_636                   |   32|   0|   32|          0|
    |hessian_shiftreg1_1_22_fu_640                   |   32|   0|   32|          0|
    |hessian_shiftreg1_1_23_fu_644                   |   32|   0|   32|          0|
    |hessian_shiftreg1_1_24_fu_648                   |   32|   0|   32|          0|
    |hessian_shiftreg1_1_25_fu_652                   |   32|   0|   32|          0|
    |hessian_shiftreg1_1_26_fu_656                   |   32|   0|   32|          0|
    |hessian_shiftreg1_1_27_fu_660                   |   32|   0|   32|          0|
    |hessian_shiftreg1_1_28_fu_664                   |   32|   0|   32|          0|
    |hessian_shiftreg1_1_29_fu_668                   |   32|   0|   32|          0|
    |hessian_shiftreg1_1_2_fu_560                    |   32|   0|   32|          0|
    |hessian_shiftreg1_1_30_fu_672                   |   32|   0|   32|          0|
    |hessian_shiftreg1_1_31_fu_676                   |   32|   0|   32|          0|
    |hessian_shiftreg1_1_3_fu_564                    |   32|   0|   32|          0|
    |hessian_shiftreg1_1_4_fu_568                    |   32|   0|   32|          0|
    |hessian_shiftreg1_1_5_fu_572                    |   32|   0|   32|          0|
    |hessian_shiftreg1_1_6_fu_576                    |   32|   0|   32|          0|
    |hessian_shiftreg1_1_7_fu_580                    |   32|   0|   32|          0|
    |hessian_shiftreg1_1_8_fu_584                    |   32|   0|   32|          0|
    |hessian_shiftreg1_1_9_fu_588                    |   32|   0|   32|          0|
    |hessian_shiftreg1_1_fu_552                      |   32|   0|   32|          0|
    |hessian_shiftreg1_s0_1_fu_248                   |   32|   0|   32|          0|
    |hessian_shiftreg1_s0_fu_252                     |   32|   0|   32|          0|
    |hessian_shiftreg1_s1_1_fu_256                   |   32|   0|   32|          0|
    |hessian_shiftreg1_s1_fu_260                     |   32|   0|   32|          0|
    |hessian_shiftreg1_s2_1_fu_264                   |   32|   0|   32|          0|
    |hessian_shiftreg1_s2_fu_268                     |   32|   0|   32|          0|
    |hessian_shiftreg1_s3_1_fu_272                   |   32|   0|   32|          0|
    |hessian_shiftreg1_s3_fu_276                     |   32|   0|   32|          0|
    |hessian_shiftreg1_s4_1_fu_280                   |   32|   0|   32|          0|
    |hessian_shiftreg1_s4_fu_284                     |   32|   0|   32|          0|
    |hessian_shiftreg1_s5_1_fu_288                   |   32|   0|   32|          0|
    |hessian_shiftreg1_s5_fu_292                     |   32|   0|   32|          0|
    |hessian_shiftreg1_s6_1_fu_296                   |   32|   0|   32|          0|
    |hessian_shiftreg1_s6_fu_300                     |   32|   0|   32|          0|
    |hessian_shiftreg1_s7_1_fu_304                   |   32|   0|   32|          0|
    |hessian_shiftreg1_s7_fu_308                     |   32|   0|   32|          0|
    |hessian_shiftreg1_s8_1_fu_312                   |   32|   0|   32|          0|
    |hessian_shiftreg1_s8_fu_316                     |   32|   0|   32|          0|
    |hessian_shiftreg1_s9_1_fu_320                   |   32|   0|   32|          0|
    |hessian_shiftreg1_s9_fu_324                     |   32|   0|   32|          0|
    |hessian_shiftreg1_sa_1_fu_328                   |   32|   0|   32|          0|
    |hessian_shiftreg1_sa_fu_332                     |   32|   0|   32|          0|
    |hessian_shiftreg1_sb_1_fu_336                   |   32|   0|   32|          0|
    |hessian_shiftreg1_sb_fu_340                     |   32|   0|   32|          0|
    |hessian_shiftreg1_sc_1_fu_344                   |   32|   0|   32|          0|
    |hessian_shiftreg1_sc_fu_348                     |   32|   0|   32|          0|
    |hessian_shiftreg1_sd_1_fu_352                   |   32|   0|   32|          0|
    |hessian_shiftreg1_sd_fu_356                     |   32|   0|   32|          0|
    |hessian_shiftreg1_se_1_fu_360                   |   32|   0|   32|          0|
    |hessian_shiftreg1_se_fu_364                     |   32|   0|   32|          0|
    |hessian_shiftreg1_sf_1_fu_368                   |   32|   0|   32|          0|
    |hessian_shiftreg1_sf_fu_372                     |   32|   0|   32|          0|
    |hessian_shiftreg2_1_1_fu_684                    |   32|   0|   32|          0|
    |hessian_shiftreg2_1_2_fu_688                    |   32|   0|   32|          0|
    |hessian_shiftreg2_1_3_fu_692                    |   32|   0|   32|          0|
    |hessian_shiftreg2_1_4_fu_696                    |   32|   0|   32|          0|
    |hessian_shiftreg2_1_5_fu_700                    |   32|   0|   32|          0|
    |hessian_shiftreg2_1_6_fu_704                    |   32|   0|   32|          0|
    |hessian_shiftreg2_1_7_fu_708                    |   32|   0|   32|          0|
    |hessian_shiftreg2_1_8_fu_712                    |   32|   0|   32|          0|
    |hessian_shiftreg2_1_9_fu_716                    |   32|   0|   32|          0|
    |hessian_shiftreg2_1_fu_680                      |   32|   0|   32|          0|
    |hessian_shiftreg2_s0_1_fu_376                   |   32|   0|   32|          0|
    |hessian_shiftreg2_s0_fu_380                     |   32|   0|   32|          0|
    |hessian_shiftreg2_s1_1_fu_384                   |   32|   0|   32|          0|
    |hessian_shiftreg2_s1_fu_388                     |   32|   0|   32|          0|
    |hessian_shiftreg2_s2_1_fu_392                   |   32|   0|   32|          0|
    |hessian_shiftreg2_s2_fu_396                     |   32|   0|   32|          0|
    |hessian_shiftreg2_s3_1_fu_400                   |   32|   0|   32|          0|
    |hessian_shiftreg2_s3_fu_404                     |   32|   0|   32|          0|
    |hessian_shiftreg2_s4_1_fu_408                   |   32|   0|   32|          0|
    |hessian_shiftreg2_s4_fu_412                     |   32|   0|   32|          0|
    |i1_0_reg_1599                                   |    2|   0|    2|          0|
    |i5_0_reg_1878                                   |    2|   0|    2|          0|
    |i6_0_reg_2097                                   |    2|   0|    2|          0|
    |i7_0_reg_2173                                   |    2|   0|    2|          0|
    |i_0_reg_1588                                    |    2|   0|    2|          0|
    |i_2_reg_7072                                    |    2|   0|    2|          0|
    |i_3_reg_7115                                    |    2|   0|    2|          0|
    |i_4_reg_7243                                    |    2|   0|    2|          0|
    |icmp_ln144_reg_5439                             |    1|   0|    1|          0|
    |icmp_ln292_2_reg_6488                           |    1|   0|    1|          0|
    |icmp_ln292_3_reg_6498                           |    1|   0|    1|          0|
    |icmp_ln292_4_reg_6675                           |    1|   0|    1|          0|
    |icmp_ln292_7_reg_6680                           |    1|   0|    1|          0|
    |icmp_ln300_1_reg_6699                           |    1|   0|    1|          0|
    |icmp_ln300_reg_6694                             |    1|   0|    1|          0|
    |icmp_ln308_1_reg_6730                           |    1|   0|    1|          0|
    |icmp_ln308_2_reg_6708                           |    1|   0|    1|          0|
    |icmp_ln308_3_reg_6508                           |    1|   0|    1|          0|
    |icmp_ln308_reg_6725                             |    1|   0|    1|          0|
    |icmp_ln313_1_reg_6744                           |    1|   0|    1|          0|
    |icmp_ln313_reg_6739                             |    1|   0|    1|          0|
    |icmp_ln322_reg_6305                             |    1|   0|    1|          0|
    |icmp_ln324_reg_6325                             |    1|   0|    1|          0|
    |indvars_iv_reg_1732                             |    3|   0|    3|          0|
    |localHessian_load_6_reg_6969                    |   32|   0|   32|          0|
    |localHessian_load_7_reg_6974                    |   32|   0|   32|          0|
    |localHessian_load_8_reg_6989                    |   32|   0|   32|          0|
    |localHessian_load_9_reg_6994                    |   32|   0|   32|          0|
    |nabla_buffer_0_0_reg_1865                       |   32|   0|   32|          0|
    |nabla_buffer_1_0_reg_1852                       |   32|   0|   32|          0|
    |nabla_buffer_2_0_reg_1839                       |   32|   0|   32|          0|
    |nabla_buffer_3_0_reg_1826                       |   32|   0|   32|          0|
    |nabla_buffer_4_0_reg_1813                       |   32|   0|   32|          0|
    |nabla_buffer_5_0_reg_1800                       |   32|   0|   32|          0|
    |nabla_buffer_6_0_reg_1787                       |   32|   0|   32|          0|
    |nabla_shiftreg_0_s3_fu_468                      |   32|   0|   32|          0|
    |nabla_shiftreg_0_s4_fu_464                      |   32|   0|   32|          0|
    |nabla_shiftreg_0_s5_fu_460                      |   32|   0|   32|          0|
    |nabla_shiftreg_1_s0_1_fu_500                    |   32|   0|   32|          0|
    |nabla_shiftreg_1_s0_fu_496                      |   32|   0|   32|          0|
    |nabla_shiftreg_1_s1_1_fu_508                    |   32|   0|   32|          0|
    |nabla_shiftreg_1_s1_fu_504                      |   32|   0|   32|          0|
    |nabla_shiftreg_1_s2_1_fu_516                    |   32|   0|   32|          0|
    |nabla_shiftreg_1_s2_fu_512                      |   32|   0|   32|          0|
    |nabla_shiftreg_1_s3_1_fu_524                    |   32|   0|   32|          0|
    |nabla_shiftreg_1_s3_fu_520                      |   32|   0|   32|          0|
    |nabla_shiftreg_1_s4_1_fu_532                    |   32|   0|   32|          0|
    |nabla_shiftreg_1_s4_fu_528                      |   32|   0|   32|          0|
    |nabla_shiftreg_1_s5_1_fu_540                    |   32|   0|   32|          0|
    |nabla_shiftreg_1_s5_fu_536                      |   32|   0|   32|          0|
    |nabla_shiftreg_1_s6_1_fu_548                    |   32|   0|   32|          0|
    |nabla_shiftreg_1_s6_fu_544                      |   32|   0|   32|          0|
    |nabla_shiftreg_s0_0_s_reg_1576                  |   32|   0|   32|          0|
    |nabla_shiftreg_s0_1_s_reg_1564                  |   32|   0|   32|          0|
    |nabla_shiftreg_s1_0_s_reg_1552                  |   32|   0|   32|          0|
    |nabla_shiftreg_s1_1_s_reg_1540                  |   32|   0|   32|          0|
    |nabla_shiftreg_s2_0_s_reg_1528                  |   32|   0|   32|          0|
    |nabla_shiftreg_s2_1_s_reg_1516                  |   32|   0|   32|          0|
    |nabla_shiftreg_s3_0_s_reg_1504                  |   32|   0|   32|          0|
    |nabla_shiftreg_s3_1_s_reg_1492                  |   32|   0|   32|          0|
    |nabla_shiftreg_s4_0_s_reg_1480                  |   32|   0|   32|          0|
    |nabla_shiftreg_s4_1_s_reg_1468                  |   32|   0|   32|          0|
    |nabla_shiftreg_s5_0_s_reg_1456                  |   32|   0|   32|          0|
    |nabla_shiftreg_s5_1_s_reg_1444                  |   32|   0|   32|          0|
    |nabla_shiftreg_s6_0_s_reg_1432                  |   32|   0|   32|          0|
    |nabla_shiftreg_s6_1_s_reg_1420                  |   32|   0|   32|          0|
    |noValidPoints_local_1_fu_416                    |   32|   0|   32|          0|
    |out_z_reg_6618                                  |   32|   0|   32|          0|
    |phi_ln358_1_reg_1720                            |    4|   0|    4|          0|
    |phi_ln358_reg_1708                              |    7|   0|    7|          0|
    |phi_mul_reg_1621                                |   32|   0|   32|          0|
    |ptDiff_x_reg_6713                               |   32|   0|   32|          0|
    |ptDiff_z_reg_6719                               |   32|   0|   32|          0|
    |r_0_reg_1744                                    |    3|   0|    3|          0|
    |r_reg_6806                                      |    3|   0|    3|          0|
    |reg_2707                                        |   32|   0|   32|          0|
    |reg_2712                                        |   32|   0|   32|          0|
    |reg_2725                                        |   32|   0|   32|          0|
    |reg_2734                                        |   32|   0|   32|          0|
    |reg_2742                                        |   32|   0|   32|          0|
    |reg_2748                                        |   32|   0|   32|          0|
    |reg_2754                                        |   32|   0|   32|          0|
    |reg_2765                                        |   32|   0|   32|          0|
    |reg_2771                                        |   32|   0|   32|          0|
    |reg_2786                                        |   32|   0|   32|          0|
    |reg_2795                                        |   32|   0|   32|          0|
    |reg_2806                                        |   32|   0|   32|          0|
    |reg_2817                                        |   32|   0|   32|          0|
    |reg_2827                                        |   32|   0|   32|          0|
    |reg_2832                                        |   32|   0|   32|          0|
    |reg_2838                                        |   32|   0|   32|          0|
    |reg_2845                                        |   32|   0|   32|          0|
    |reg_2851                                        |   32|   0|   32|          0|
    |reg_2857                                        |   32|   0|   32|          0|
    |reg_2862                                        |   32|   0|   32|          0|
    |reg_2867                                        |   32|   0|   32|          0|
    |reg_2873                                        |   32|   0|   32|          0|
    |reg_2879                                        |   32|   0|   32|          0|
    |reg_2884                                        |   32|   0|   32|          0|
    |reg_2891                                        |   32|   0|   32|          0|
    |reg_2898                                        |   32|   0|   32|          0|
    |reg_2904                                        |   32|   0|   32|          0|
    |reg_2910                                        |   32|   0|   32|          0|
    |select_ln239_reg_6478                           |    3|   0|    4|          1|
    |storemerge_reg_1654                             |   32|   0|   32|          0|
    |tmp_51_reg_6531                                 |   32|   0|   32|          0|
    |tmp_57_reg_6661                                 |   32|   0|   32|          0|
    |tmp_59_reg_6666                                 |   32|   0|   32|          0|
    |tmp_69_reg_6685                                 |    1|   0|    1|          0|
    |tmp_77_reg_6775                                 |   32|   0|   32|          0|
    |tmp_79_reg_6781                                 |   32|   0|   32|          0|
    |tmp_81_reg_6787                                 |   32|   0|   32|          0|
    |tmp_84_reg_6763                                 |   32|   0|   32|          0|
    |tmp_86_reg_6769                                 |   32|   0|   32|          0|
    |tmp_93_reg_6904                                 |   32|   0|   32|          0|
    |tmp_94_reg_6909                                 |   32|   0|   32|          0|
    |tmp_reg_6329                                    |   32|   0|   32|          0|
    |tmp_s_reg_6335                                  |   32|   0|   32|          0|
    |x_0_reg_1633                                    |   31|   0|   31|          0|
    |x_reg_6544                                      |   31|   0|   31|          0|
    |y_0_reg_1610                                    |   31|   0|   31|          0|
    |y_reg_6526                                      |   31|   0|   31|          0|
    |zext_ln240_reg_6536                             |   31|   0|   32|          1|
    |zext_ln358_1_reg_6798                           |    6|   0|   32|         26|
    |zext_ln358_reg_6793                             |    4|   0|    7|          3|
    +------------------------------------------------+-----+----+-----+-----------+
    |Total                                           | 7699|   0| 7730|         31|
    +------------------------------------------------+-----+----+-----+-----------+



================================================================
== Interface
================================================================
* Summary: 
+-----------------------+-----+-----+------------+-----------------------+--------------+
|       RTL Ports       | Dir | Bits|  Protocol  |     Source Object     |    C Type    |
+-----------------------+-----+-----+------------+-----------------------+--------------+
|ap_clk                 |  in |    1| ap_ctrl_hs |          icp          | return value |
|ap_rst                 |  in |    1| ap_ctrl_hs |          icp          | return value |
|ap_start               |  in |    1| ap_ctrl_hs |          icp          | return value |
|ap_done                | out |    1| ap_ctrl_hs |          icp          | return value |
|ap_idle                | out |    1| ap_ctrl_hs |          icp          | return value |
|ap_ready               | out |    1| ap_ctrl_hs |          icp          | return value |
|depth_address0         | out |   19|  ap_memory |         depth         |     array    |
|depth_ce0              | out |    1|  ap_memory |         depth         |     array    |
|depth_q0               |  in |   32|  ap_memory |         depth         |     array    |
|viewImageSize_x        |  in |   32|   ap_none  |    viewImageSize_x    |    scalar    |
|viewImageSize_y        |  in |   32|   ap_none  |    viewImageSize_y    |    scalar    |
|viewIntrinsics_x       |  in |   32|   ap_none  |    viewIntrinsics_x   |    scalar    |
|viewIntrinsics_y       |  in |   32|   ap_none  |    viewIntrinsics_y   |    scalar    |
|viewIntrinsics_z       |  in |   32|   ap_none  |    viewIntrinsics_z   |    scalar    |
|viewIntrinsics_w       |  in |   32|   ap_none  |    viewIntrinsics_w   |    scalar    |
|approxInvPose_data0_x  |  in |   32|   ap_none  | approxInvPose_data0_x |    pointer   |
|approxInvPose_data0_y  |  in |   32|   ap_none  | approxInvPose_data0_y |    pointer   |
|approxInvPose_data0_z  |  in |   32|   ap_none  | approxInvPose_data0_z |    pointer   |
|approxInvPose_data0_w  |  in |   32|   ap_none  | approxInvPose_data0_w |    pointer   |
|approxInvPose_data1_x  |  in |   32|   ap_none  | approxInvPose_data1_x |    pointer   |
|approxInvPose_data1_y  |  in |   32|   ap_none  | approxInvPose_data1_y |    pointer   |
|approxInvPose_data1_z  |  in |   32|   ap_none  | approxInvPose_data1_z |    pointer   |
|approxInvPose_data1_w  |  in |   32|   ap_none  | approxInvPose_data1_w |    pointer   |
|approxInvPose_data2_x  |  in |   32|   ap_none  | approxInvPose_data2_x |    pointer   |
|approxInvPose_data2_y  |  in |   32|   ap_none  | approxInvPose_data2_y |    pointer   |
|approxInvPose_data2_z  |  in |   32|   ap_none  | approxInvPose_data2_z |    pointer   |
|approxInvPose_data2_w  |  in |   32|   ap_none  | approxInvPose_data2_w |    pointer   |
|approxInvPose_data3_x  |  in |   32|   ap_none  | approxInvPose_data3_x |    pointer   |
|approxInvPose_data3_y  |  in |   32|   ap_none  | approxInvPose_data3_y |    pointer   |
|approxInvPose_data3_z  |  in |   32|   ap_none  | approxInvPose_data3_z |    pointer   |
|approxInvPose_data3_w  |  in |   32|   ap_none  | approxInvPose_data3_w |    pointer   |
|scenePose_data0_x      |  in |   32|   ap_none  |   scenePose_data0_x   |    pointer   |
|scenePose_data0_y      |  in |   32|   ap_none  |   scenePose_data0_y   |    pointer   |
|scenePose_data0_z      |  in |   32|   ap_none  |   scenePose_data0_z   |    pointer   |
|scenePose_data0_w      |  in |   32|   ap_none  |   scenePose_data0_w   |    pointer   |
|scenePose_data1_x      |  in |   32|   ap_none  |   scenePose_data1_x   |    pointer   |
|scenePose_data1_y      |  in |   32|   ap_none  |   scenePose_data1_y   |    pointer   |
|scenePose_data1_z      |  in |   32|   ap_none  |   scenePose_data1_z   |    pointer   |
|scenePose_data1_w      |  in |   32|   ap_none  |   scenePose_data1_w   |    pointer   |
|scenePose_data2_x      |  in |   32|   ap_none  |   scenePose_data2_x   |    pointer   |
|scenePose_data2_y      |  in |   32|   ap_none  |   scenePose_data2_y   |    pointer   |
|scenePose_data2_z      |  in |   32|   ap_none  |   scenePose_data2_z   |    pointer   |
|scenePose_data2_w      |  in |   32|   ap_none  |   scenePose_data2_w   |    pointer   |
|scenePose_data3_x      |  in |   32|   ap_none  |   scenePose_data3_x   |    pointer   |
|scenePose_data3_y      |  in |   32|   ap_none  |   scenePose_data3_y   |    pointer   |
|scenePose_data3_z      |  in |   32|   ap_none  |   scenePose_data3_z   |    pointer   |
|scenePose_data3_w      |  in |   32|   ap_none  |   scenePose_data3_w   |    pointer   |
|sceneImageSize_x       |  in |   32|   ap_none  |    sceneImageSize_x   |    scalar    |
|sceneImageSize_y       |  in |   32|   ap_none  |    sceneImageSize_y   |    scalar    |
|sceneIntrinsics_x      |  in |   32|   ap_none  |   sceneIntrinsics_x   |    scalar    |
|sceneIntrinsics_y      |  in |   32|   ap_none  |   sceneIntrinsics_y   |    scalar    |
|sceneIntrinsics_z      |  in |   32|   ap_none  |   sceneIntrinsics_z   |    scalar    |
|sceneIntrinsics_w      |  in |   32|   ap_none  |   sceneIntrinsics_w   |    scalar    |
|pointsMap_x_address0   | out |   19|  ap_memory |      pointsMap_x      |     array    |
|pointsMap_x_ce0        | out |    1|  ap_memory |      pointsMap_x      |     array    |
|pointsMap_x_q0         |  in |   32|  ap_memory |      pointsMap_x      |     array    |
|pointsMap_x_address1   | out |   19|  ap_memory |      pointsMap_x      |     array    |
|pointsMap_x_ce1        | out |    1|  ap_memory |      pointsMap_x      |     array    |
|pointsMap_x_q1         |  in |   32|  ap_memory |      pointsMap_x      |     array    |
|pointsMap_y_address0   | out |   19|  ap_memory |      pointsMap_y      |     array    |
|pointsMap_y_ce0        | out |    1|  ap_memory |      pointsMap_y      |     array    |
|pointsMap_y_q0         |  in |   32|  ap_memory |      pointsMap_y      |     array    |
|pointsMap_y_address1   | out |   19|  ap_memory |      pointsMap_y      |     array    |
|pointsMap_y_ce1        | out |    1|  ap_memory |      pointsMap_y      |     array    |
|pointsMap_y_q1         |  in |   32|  ap_memory |      pointsMap_y      |     array    |
|pointsMap_z_address0   | out |   19|  ap_memory |      pointsMap_z      |     array    |
|pointsMap_z_ce0        | out |    1|  ap_memory |      pointsMap_z      |     array    |
|pointsMap_z_q0         |  in |   32|  ap_memory |      pointsMap_z      |     array    |
|pointsMap_z_address1   | out |   19|  ap_memory |      pointsMap_z      |     array    |
|pointsMap_z_ce1        | out |    1|  ap_memory |      pointsMap_z      |     array    |
|pointsMap_z_q1         |  in |   32|  ap_memory |      pointsMap_z      |     array    |
|pointsMap_w_address0   | out |   19|  ap_memory |      pointsMap_w      |     array    |
|pointsMap_w_ce0        | out |    1|  ap_memory |      pointsMap_w      |     array    |
|pointsMap_w_q0         |  in |   32|  ap_memory |      pointsMap_w      |     array    |
|pointsMap_w_address1   | out |   19|  ap_memory |      pointsMap_w      |     array    |
|pointsMap_w_ce1        | out |    1|  ap_memory |      pointsMap_w      |     array    |
|pointsMap_w_q1         |  in |   32|  ap_memory |      pointsMap_w      |     array    |
|normalsMap_x_address0  | out |   19|  ap_memory |      normalsMap_x     |     array    |
|normalsMap_x_ce0       | out |    1|  ap_memory |      normalsMap_x     |     array    |
|normalsMap_x_q0        |  in |   32|  ap_memory |      normalsMap_x     |     array    |
|normalsMap_x_address1  | out |   19|  ap_memory |      normalsMap_x     |     array    |
|normalsMap_x_ce1       | out |    1|  ap_memory |      normalsMap_x     |     array    |
|normalsMap_x_q1        |  in |   32|  ap_memory |      normalsMap_x     |     array    |
|normalsMap_y_address0  | out |   19|  ap_memory |      normalsMap_y     |     array    |
|normalsMap_y_ce0       | out |    1|  ap_memory |      normalsMap_y     |     array    |
|normalsMap_y_q0        |  in |   32|  ap_memory |      normalsMap_y     |     array    |
|normalsMap_y_address1  | out |   19|  ap_memory |      normalsMap_y     |     array    |
|normalsMap_y_ce1       | out |    1|  ap_memory |      normalsMap_y     |     array    |
|normalsMap_y_q1        |  in |   32|  ap_memory |      normalsMap_y     |     array    |
|normalsMap_z_address0  | out |   19|  ap_memory |      normalsMap_z     |     array    |
|normalsMap_z_ce0       | out |    1|  ap_memory |      normalsMap_z     |     array    |
|normalsMap_z_q0        |  in |   32|  ap_memory |      normalsMap_z     |     array    |
|normalsMap_z_address1  | out |   19|  ap_memory |      normalsMap_z     |     array    |
|normalsMap_z_ce1       | out |    1|  ap_memory |      normalsMap_z     |     array    |
|normalsMap_z_q1        |  in |   32|  ap_memory |      normalsMap_z     |     array    |
|normalsMap_w_address0  | out |   19|  ap_memory |      normalsMap_w     |     array    |
|normalsMap_w_ce0       | out |    1|  ap_memory |      normalsMap_w     |     array    |
|normalsMap_w_q0        |  in |   32|  ap_memory |      normalsMap_w     |     array    |
|normalsMap_w_address1  | out |   19|  ap_memory |      normalsMap_w     |     array    |
|normalsMap_w_ce1       | out |    1|  ap_memory |      normalsMap_w     |     array    |
|normalsMap_w_q1        |  in |   32|  ap_memory |      normalsMap_w     |     array    |
|distThresh             |  in |   32|   ap_none  |       distThresh      |    scalar    |
|shortIteration         |  in |    8|   ap_none  |     shortIteration    |    scalar    |
|rotationOnly           |  in |    8|   ap_none  |      rotationOnly     |    scalar    |
|sumHessian_address0    | out |    5|  ap_memory |       sumHessian      |     array    |
|sumHessian_ce0         | out |    1|  ap_memory |       sumHessian      |     array    |
|sumHessian_we0         | out |    1|  ap_memory |       sumHessian      |     array    |
|sumHessian_d0          | out |   32|  ap_memory |       sumHessian      |     array    |
|sumHessian_address1    | out |    5|  ap_memory |       sumHessian      |     array    |
|sumHessian_ce1         | out |    1|  ap_memory |       sumHessian      |     array    |
|sumHessian_we1         | out |    1|  ap_memory |       sumHessian      |     array    |
|sumHessian_d1          | out |   32|  ap_memory |       sumHessian      |     array    |
|sumNabla_address0      | out |    3|  ap_memory |        sumNabla       |     array    |
|sumNabla_ce0           | out |    1|  ap_memory |        sumNabla       |     array    |
|sumNabla_we0           | out |    1|  ap_memory |        sumNabla       |     array    |
|sumNabla_d0            | out |   32|  ap_memory |        sumNabla       |     array    |
|sumNabla_address1      | out |    3|  ap_memory |        sumNabla       |     array    |
|sumNabla_ce1           | out |    1|  ap_memory |        sumNabla       |     array    |
|sumNabla_we1           | out |    1|  ap_memory |        sumNabla       |     array    |
|sumNabla_d1            | out |   32|  ap_memory |        sumNabla       |     array    |
|noValidPoints          | out |   32|   ap_vld   |     noValidPoints     |    pointer   |
|noValidPoints_ap_vld   | out |    1|   ap_vld   |     noValidPoints     |    pointer   |
|sumF                   | out |   32|   ap_vld   |          sumF         |    pointer   |
|sumF_ap_vld            | out |    1|   ap_vld   |          sumF         |    pointer   |
+-----------------------+-----+-----+------------+-----------------------+--------------+

